<?xml version="1.0" encoding="UTF-8"?>
<!-- Generated by org.testng.reporters.JUnitXMLReporter -->
<testsuite ignored="0" hostname="DESKTOP-8LBOF3B" failures="1" tests="3" name="Test" time="55.526" errors="0" timestamp="2025-05-30T16:54:13 IST">
  <testcase classname="com.comcast.crm.OrgTest.CreateOrganizationTest" name="createOrgTest" time="0.058">
    <failure type="java.lang.NullPointerException" message="Cannot invoke &amp;quot;com.aventstack.extentreports.ExtentTest.log(com.aventstack.extentreports.Status, String)&amp;quot; because the return value of &amp;quot;com.comcast.crm.generic.WebdriverUtility.UtilityClassObject.getTest()&amp;quot; is null">
      <![CDATA[java.lang.NullPointerException: Cannot invoke "com.aventstack.extentreports.ExtentTest.log(com.aventstack.extentreports.Status, String)" because the return value of "com.comcast.crm.generic.WebdriverUtility.UtilityClassObject.getTest()" is null
at com.comcast.crm.OrgTest.CreateOrganizationTest.createOrgTest(CreateOrganizationTest.java:44)
at java.base/java.util.ArrayList.forEach(ArrayList.java:1597)
... Removed 25 stack frames]]>
    </failure>
  </testcase> <!-- createOrgTest -->
  <testcase classname="com.comcast.crm.OrgTest.CreateOrganizationTest" name="createOrgWithIndustry" time="11.65"/>
  <testcase classname="com.comcast.crm.OrgTest.CreateOrganizationTest" name="createOrgWithPhone" time="5.074"/>
</testsuite> <!-- Test -->
