<?xml version="1.0" encoding="UTF-8"?>
<testng-results ignored="0" total="3" passed="2" failed="1" skipped="0">
  <reporter-output>
  </reporter-output>
  <suite started-at="2025-06-02T17:04:22 IST" name="Default suite" finished-at="2025-06-02T17:04:46 IST" duration-ms="23925">
    <groups>
      <group name="RegressionTest">
        <method signature="CreateOrganizationTest.createOrgWithIndustry()[pri:0, instance:com.comcast.crm.OrgTest.CreateOrganizationTest@1dac5ef]" name="createOrgWithIndustry" class="com.comcast.crm.OrgTest.CreateOrganizationTest"/>
        <method signature="CreateOrganizationTest.createOrgWithPhone()[pri:0, instance:com.comcast.crm.OrgTest.CreateOrganizationTest@1dac5ef]" name="createOrgWithPhone" class="com.comcast.crm.OrgTest.CreateOrganizationTest"/>
      </group> <!-- RegressionTest -->
    </groups>
    <test started-at="2025-06-02T17:04:22 IST" name="Default test" finished-at="2025-06-02T17:04:46 IST" duration-ms="23925">
      <class name="com.comcast.crm.OrgTest.CreateOrganizationTest">
        <test-method is-config="true" signature="ConfigBS()[pri:0, instance:com.comcast.crm.OrgTest.CreateOrganizationTest@1dac5ef]" started-at="2025-06-02T17:04:21 IST" name="ConfigBS" finished-at="2025-06-02T17:04:22 IST" duration-ms="870" status="PASS">
          <reporter-output>
          </reporter-output>
        </test-method> <!-- ConfigBS -->
        <test-method is-config="true" signature="ConfigBC()[pri:0, instance:com.comcast.crm.OrgTest.CreateOrganizationTest@1dac5ef]" started-at="2025-06-02T17:04:22 IST" name="ConfigBC" finished-at="2025-06-02T17:04:25 IST" duration-ms="2434" status="PASS">
          <reporter-output>
          </reporter-output>
        </test-method> <!-- ConfigBC -->
        <test-method is-config="true" signature="configBM()[pri:0, instance:com.comcast.crm.OrgTest.CreateOrganizationTest@1dac5ef]" started-at="2025-06-02T17:04:25 IST" name="configBM" finished-at="2025-06-02T17:04:28 IST" duration-ms="3470" status="PASS">
          <reporter-output>
          </reporter-output>
        </test-method> <!-- configBM -->
        <test-method signature="createOrgTest()[pri:0, instance:com.comcast.crm.OrgTest.CreateOrganizationTest@1dac5ef]" started-at="2025-06-02T17:04:28 IST" name="createOrgTest" finished-at="2025-06-02T17:04:28 IST" duration-ms="30" status="FAIL">
          <exception class="java.lang.NullPointerException">
            <message>
              <![CDATA[Cannot invoke "com.aventstack.extentreports.ExtentTest.log(com.aventstack.extentreports.Status, String)" because the return value of "com.comcast.crm.generic.WebdriverUtility.UtilityClassObject.getTest()" is null]]>
            </message>
            <full-stacktrace>
              <![CDATA[java.lang.NullPointerException: Cannot invoke "com.aventstack.extentreports.ExtentTest.log(com.aventstack.extentreports.Status, String)" because the return value of "com.comcast.crm.generic.WebdriverUtility.UtilityClassObject.getTest()" is null
at com.comcast.crm.OrgTest.CreateOrganizationTest.createOrgTest(CreateOrganizationTest.java:49)
at java.base/jdk.internal.reflect.DirectMethodHandleAccessor.invoke(DirectMethodHandleAccessor.java:103)
at java.base/java.lang.reflect.Method.invoke(Method.java:580)
at org.testng.internal.invokers.MethodInvocationHelper.invokeMethod(MethodInvocationHelper.java:141)
at org.testng.internal.invokers.TestInvoker.invokeMethod(TestInvoker.java:687)
at org.testng.internal.invokers.TestInvoker.invokeTestMethod(TestInvoker.java:230)
at org.testng.internal.invokers.MethodRunner.runInSequence(MethodRunner.java:63)
at org.testng.internal.invokers.TestInvoker$MethodInvocationAgent.invoke(TestInvoker.java:995)
at org.testng.internal.invokers.TestInvoker.invokeTestMethods(TestInvoker.java:203)
at org.testng.internal.invokers.TestMethodWorker.invokeTestMethods(TestMethodWorker.java:154)
at org.testng.internal.invokers.TestMethodWorker.run(TestMethodWorker.java:134)
at java.base/java.util.ArrayList.forEach(ArrayList.java:1597)
at org.testng.TestRunner.privateRun(TestRunner.java:741)
at org.testng.TestRunner.run(TestRunner.java:616)
at org.testng.SuiteRunner.runTest(SuiteRunner.java:421)
at org.testng.SuiteRunner.runSequentially(SuiteRunner.java:413)
at org.testng.SuiteRunner.privateRun(SuiteRunner.java:373)
at org.testng.SuiteRunner.run(SuiteRunner.java:312)
at org.testng.SuiteRunnerWorker.runSuite(SuiteRunnerWorker.java:52)
at org.testng.SuiteRunnerWorker.run(SuiteRunnerWorker.java:95)
at org.testng.TestNG.runSuitesSequentially(TestNG.java:1274)
at org.testng.TestNG.runSuitesLocally(TestNG.java:1208)
at org.testng.TestNG.runSuites(TestNG.java:1112)
at org.testng.TestNG.run(TestNG.java:1079)
at org.testng.remote.AbstractRemoteTestNG.run(AbstractRemoteTestNG.java:115)
at org.testng.remote.RemoteTestNG.initAndRun(RemoteTestNG.java:293)
at org.testng.remote.RemoteTestNG.main(RemoteTestNG.java:91)
]]>
            </full-stacktrace>
          </exception> <!-- java.lang.NullPointerException -->
          <reporter-output>
          </reporter-output>
        </test-method> <!-- createOrgTest -->
        <test-method is-config="true" signature="configAM()[pri:0, instance:com.comcast.crm.OrgTest.CreateOrganizationTest@1dac5ef]" started-at="2025-06-02T17:04:28 IST" name="configAM" finished-at="2025-06-02T17:04:29 IST" duration-ms="1193" status="PASS">
          <reporter-output>
          </reporter-output>
        </test-method> <!-- configAM -->
        <test-method is-config="true" signature="configBM()[pri:0, instance:com.comcast.crm.OrgTest.CreateOrganizationTest@1dac5ef]" started-at="2025-06-02T17:04:29 IST" name="configBM" finished-at="2025-06-02T17:04:31 IST" duration-ms="1663" status="PASS">
          <reporter-output>
          </reporter-output>
        </test-method> <!-- configBM -->
        <test-method signature="createOrgWithIndustry()[pri:0, instance:com.comcast.crm.OrgTest.CreateOrganizationTest@1dac5ef]" started-at="2025-06-02T17:04:31 IST" name="createOrgWithIndustry" finished-at="2025-06-02T17:04:38 IST" duration-ms="7335" status="PASS">
          <reporter-output>
          </reporter-output>
        </test-method> <!-- createOrgWithIndustry -->
        <test-method is-config="true" signature="configAM()[pri:0, instance:com.comcast.crm.OrgTest.CreateOrganizationTest@1dac5ef]" started-at="2025-06-02T17:04:38 IST" name="configAM" finished-at="2025-06-02T17:04:39 IST" duration-ms="854" status="PASS">
          <reporter-output>
          </reporter-output>
        </test-method> <!-- configAM -->
        <test-method is-config="true" signature="configBM()[pri:0, instance:com.comcast.crm.OrgTest.CreateOrganizationTest@1dac5ef]" started-at="2025-06-02T17:04:39 IST" name="configBM" finished-at="2025-06-02T17:04:40 IST" duration-ms="613" status="PASS">
          <reporter-output>
          </reporter-output>
        </test-method> <!-- configBM -->
        <test-method signature="createOrgWithPhone()[pri:0, instance:com.comcast.crm.OrgTest.CreateOrganizationTest@1dac5ef]" started-at="2025-06-02T17:04:40 IST" name="createOrgWithPhone" finished-at="2025-06-02T17:04:45 IST" duration-ms="5075" status="PASS">
          <reporter-output>
          </reporter-output>
        </test-method> <!-- createOrgWithPhone -->
        <test-method is-config="true" signature="configAM()[pri:0, instance:com.comcast.crm.OrgTest.CreateOrganizationTest@1dac5ef]" started-at="2025-06-02T17:04:45 IST" name="configAM" finished-at="2025-06-02T17:04:46 IST" duration-ms="835" status="PASS">
          <reporter-output>
          </reporter-output>
        </test-method> <!-- configAM -->
        <test-method is-config="true" signature="ConfigAC()[pri:0, instance:com.comcast.crm.OrgTest.CreateOrganizationTest@1dac5ef]" started-at="2025-06-02T17:04:46 IST" name="ConfigAC" finished-at="2025-06-02T17:04:46 IST" duration-ms="308" status="PASS">
          <reporter-output>
          </reporter-output>
        </test-method> <!-- ConfigAC -->
        <test-method is-config="true" signature="ConfigAS()[pri:0, instance:com.comcast.crm.OrgTest.CreateOrganizationTest@1dac5ef]" started-at="2025-06-02T17:04:46 IST" name="ConfigAS" finished-at="2025-06-02T17:04:46 IST" duration-ms="9" status="PASS">
          <reporter-output>
          </reporter-output>
        </test-method> <!-- ConfigAS -->
      </class> <!-- com.comcast.crm.OrgTest.CreateOrganizationTest -->
    </test> <!-- Default test -->
  </suite> <!-- Default suite -->
</testng-results>
